#
# A fatal error has been detected by the Java Runtime Environment:
#
#  SIGILL (0x4) at pc=0x00007fffcacd928e, pid=4178, tid=0x000000000000080b
#
# JRE version: Java(TM) SE Runtime Environment (8.0_121-b13) (build 1.8.0_121-b13)
# Java VM: Java HotSpot(TM) 64-Bit Server VM (25.121-b13 mixed mode bsd-amd64 compressed oops)
# Problematic frame:
# C  [AppKit+0x3a528e]  -[NSApplication _crashOnException:]+0x6d
#
# Failed to write core dump. Core dumps have been disabled. To enable core dumping, try "ulimit -c unlimited" before starting Java again
#
# If you would like to submit a bug report, please visit:
#   http://bugreport.java.com/bugreport/crash.jsp
# The crash happened outside the Java Virtual Machine in native code.
# See problematic frame for where to report the bug.
#

---------------  T H R E A D  ---------------

Current thread (0x00007fb505096000):  JavaThread "AppKit Thread" daemon [_thread_in_native, id=2059, stack(0x00007fff5bfc2000,0x00007fff5c7c2000)]

siginfo: si_signo: 4 (SIGILL), si_code: 1 (ILL_ILLOPC), si_addr: 0x00007fffcacd928e

Registers:
RAX=0x00007fb5055f2a00, RBX=0x00007fb50af692b0, RCX=0x0000000000000001, RDX=0x0000000000000000
RSP=0x00007fff5c7bca20, RBP=0x00007fff5c7bca30, RSI=0x00000000000012b7, RDI=0x00007fb50ad79290
R8 =0x0000000008000100, R9 =0x0000000000000000, R10=0x00007fffe7514fb8, R11=0x00000000000019ff
R12=0x000000000000002c, R13=0x00007fffcb4b1ff5, R14=0x00007fffe141eb40, R15=0x00007fffe7515f80
RIP=0x00007fffcacd928e, EFLAGS=0x0000000000010202, ERR=0x0000000000000000
  TRAPNO=0x0000000000000006

Top of Stack: (sp=0x00007fff5c7bca20)
0x00007fff5c7bca20:   00007fb50d00f100 00007fffcb4b19f2
0x00007fff5c7bca30:   00007fff5c7bcb60 00007fffcada95ad
0x00007fff5c7bca40:   00007fb504d33770 00007fffcb4b1df1
0x00007fff5c7bca50:   00007fb504c24ff0 00007fb50d059f40
0x00007fff5c7bca60:   00007fb50af692b0 00007fb5068f2790
0x00007fff5c7bca70:   ffffffffffffffff 00007fff5c7bcab0
0x00007fff5c7bca80:   00007fff5c7bca88 000000000000002c
0x00007fff5c7bca90:   0000000000000000 0000000000000000
0x00007fff5c7bcaa0:   0000000000000000 0000000000000000
0x00007fff5c7bcab0:   00007fb5068bc5f0 00007fb5068bc660
0x00007fff5c7bcac0:   00007fb5068bc6e0 00007fb5068e16e0
0x00007fff5c7bcad0:   00007fb5068e1750 00007fb5068e17e0
0x00007fff5c7bcae0:   00007fb5068e1850 00007fb506886220
0x00007fff5c7bcaf0:   00007fb506886290 00007fb5068e18c0
0x00007fff5c7bcb00:   00007fb50d028830 00007fb50d05a2a0
0x00007fff5c7bcb10:   00007fb50d053b90 00007fb50d053c20
0x00007fff5c7bcb20:   00007fb50d053c90 00007fb5068bc550
0x00007fff5c7bcb30:   769e5bde02f50035 00007fff5c7bcb60
0x00007fff5c7bcb40:   00007fb50af93be0 00007fff5c7bcb70
0x00007fff5c7bcb50:   00007fb50af692b0 00007fb504c24ff0
0x00007fff5c7bcb60:   00007fff5c7bcbb0 00007fffcacd91fc
0x00007fff5c7bcb70:   00007fff5c7bcbc0 00007fff5c7bcb70
0x00007fff5c7bcb80:   769e5bde02f50035 00007fff5c7bcbc0
0x00007fff5c7bcb90:   00007fff5c7bcbc0 0000000000000000
0x00007fff5c7bcba0:   00007fff5c7bcbb0 00007fb50af692b0
0x00007fff5c7bcbb0:   00007fff5c7bcbe0 00007fffcada1dd3
0x00007fff5c7bcbc0:   00007fff5c7bcf70 0000000000000000
0x00007fff5c7bcbd0:   0000000000000001 00007fb504d41000
0x00007fff5c7bcbe0:   00007fff5c7bcef0 00007fffcc25de9d
0x00007fff5c7bcbf0:   00007fb504d41000 00007fffcc25daea
0x00007fff5c7bcc00:   0000000000000000 00007fb50af57038
0x00007fff5c7bcc10:   0000000000000000 0000000000000002 

Instructions: (pc=0x00007fffcacd928e)
0x00007fffcacd926e:   48 89 c7 ff 15 f9 2d fd 1b 48 8b 35 b2 eb 25 1c
0x00007fffcacd927e:   48 89 c7 ff 15 e9 2d fd 1b 48 89 05 9a 41 2c 1c
0x00007fffcacd928e:   0f 0b 48 89 c7 e8 7c 5c 72 00 31 ff 31 f6 31 c0
0x00007fffcacd929e:   e8 e3 c3 e2 ff e8 90 5c 72 00 48 89 c3 e8 7c 5c 

Register to memory mapping:

RAX=0x00007fb5055f2a00 is an unknown value
RBX=0x00007fb50af692b0 is an unknown value
RCX=0x0000000000000001 is an unknown value
RDX=0x0000000000000000 is an unknown value
RSP=0x00007fff5c7bca20 is pointing into the stack for thread: 0x00007fb505096000
RBP=0x00007fff5c7bca30 is pointing into the stack for thread: 0x00007fb505096000
RSI=0x00000000000012b7 is an unknown value
RDI=0x00007fb50ad79290 is an unknown value
R8 =0x0000000008000100 is an unknown value
R9 =0x0000000000000000 is an unknown value
R10=0x00007fffe7514fb8: OBJC_CLASS_$___NSCFString+0 in /System/Library/Frameworks/CoreFoundation.framework/Versions/A/CoreFoundation at 0x00007fffccc5d000
R11=0x00000000000019ff is an unknown value
R12=0x000000000000002c is an unknown value
R13=0x00007fffcb4b1ff5: __NSStyleNameIndexTable+0x6d308 in /System/Library/Frameworks/AppKit.framework/Versions/C/AppKit at 0x00007fffca934000
R14=0x00007fffe141eb40: objc_msgSend+0 in /usr/lib/libobjc.A.dylib at 0x00007fffe1418000
R15=0x00007fffe7515f80: OBJC_CLASS_$_NSDictionary+0 in /System/Library/Frameworks/CoreFoundation.framework/Versions/A/CoreFoundation at 0x00007fffccc5d000


Stack: [0x00007fff5bfc2000,0x00007fff5c7c2000],  sp=0x00007fff5c7bca20,  free space=8170k
Native frames: (J=compiled Java code, j=interpreted, Vv=VM code, C=native code)
C  [AppKit+0x3a528e]  -[NSApplication _crashOnException:]+0x6d
C  [AppKit+0x4755ad]  -[NSApplication _showException:]+0x2e8
C  [AppKit+0x3a51fc]  -[NSApplication reportException:]+0x167
C  [AppKit+0x46ddd3]  uncaughtErrorProc+0x9e
C  [HIToolbox+0x8e9d]  _ZL23DispatchEventToHandlersP14EventTargetRecP14OpaqueEventRefP14HandlerCallRec+0x474
C  [HIToolbox+0x8346]  _ZL30SendEventToEventTargetInternalP14OpaqueEventRefP20OpaqueEventTargetRefP14HandlerCallRec+0x1ac
C  [HIToolbox+0x818f]  SendEventToEventTargetWithOptions+0x2b
C  [HIToolbox+0x5ef86]  SendTSMEvent_WithCompletionHandler+0x198
C  [HIToolbox+0x212378]  __SendTextInputEvent_WithCompletionHandler_block_invoke+0x248
C  [HIToolbox+0x210689]  SendTextInputEvent_WithCompletionHandler+0x482
C  [HIToolbox+0x281829]  -[IMKInputSession _postEvent:completionHandler:]+0xb0
C  [HIToolbox+0x291485]  -[IMKInputSession _copyUniCharsForRange:intoBuffer:ofLength:completionHandler:]+0x212
C  [HIToolbox+0x291c0e]  -[IMKInputSession _coreAttributesFromRange:whichAttributes:completionHandler:]+0x119
C  [HIToolbox+0x293bb0]  -[IMKInputSession attributedSubstringFromRange:completionHandler:]+0xba
C  [HIToolbox+0x2843ab]  __61-[IMKInputSession imkxpc_attributedSubstringFromRange:reply:]_block_invoke+0x212
C  [CoreFoundation+0xa73ac]  __CFRUNLOOP_IS_CALLING_OUT_TO_A_BLOCK__+0xc
C  [CoreFoundation+0x88424]  __CFRunLoopDoBlocks+0x164
C  [CoreFoundation+0x87bcb]  __CFRunLoopRun+0x3bb
C  [CoreFoundation+0x875b4]  CFRunLoopRunSpecific+0x1a4
C  [HIToolbox+0x30f6c]  RunCurrentEventLoopInMode+0xf0
C  [HIToolbox+0x30da1]  ReceiveNextEventCommon+0x1b0
C  [HIToolbox+0x30bd6]  _BlockUntilNextEventMatchingListInModeWithFilter+0x47
C  [AppKit+0x475f5]  _DPSNextEvent+0x445
C  [AppKit+0x7578eb]  -[NSApplication(NSEvent) _nextEventMatchingEventMask:untilDate:inMode:dequeue:]+0x665
C  [libosxapp.dylib+0x23aa]  -[NSApplicationAWT nextEventMatchingMask:untilDate:inMode:dequeue:]+0x7c
C  [AppKit+0x3bfbd]  -[NSApplication run]+0x39e
C  [libosxapp.dylib+0x214d]  +[NSApplicationAWT runAWTLoopWithApp:]+0x9c
C  [libawt_lwawt.dylib+0x45ff7]  -[AWTStarter starter:]+0x389
C  [Foundation+0x71f2a]  __NSThreadPerformPerform+0x146
C  [CoreFoundation+0xa7551]  __CFRUNLOOP_IS_CALLING_OUT_TO_A_SOURCE0_PERFORM_FUNCTION__+0x11
C  [CoreFoundation+0x886bd]  __CFRunLoopDoSources0+0x22d
C  [CoreFoundation+0x87bb6]  __CFRunLoopRun+0x3a6
C  [CoreFoundation+0x875b4]  CFRunLoopRunSpecific+0x1a4
C  [java+0x6465]  CreateExecutionEnvironment+0x367
C  [java+0x218c]  JLI_Launch+0x7a0
C  [java+0x84c2]  main+0x65
C  [java+0x19e4]  start+0x34
C  0x0000000000000006


---------------  P R O C E S S  ---------------

Java Threads: ( => current thread )
  0x00007fb512805000 JavaThread "Direct Clip" daemon [_thread_blocked, id=157395, stack(0x00007000124d6000,0x00007000125d6000)]
  0x00007fb511aff000 JavaThread "Direct Clip" daemon [_thread_blocked, id=157035, stack(0x0000700011d3b000,0x0000700011e3b000)]
  0x00007fb5128c0800 JavaThread "Direct Clip" daemon [_thread_blocked, id=161815, stack(0x00007000131fd000,0x00007000132fd000)]
  0x00007fb5077a0000 JavaThread "Direct Clip" daemon [_thread_blocked, id=163843, stack(0x0000700013a95000,0x0000700013b95000)]
  0x00007fb5077f6000 JavaThread "Direct Clip" daemon [_thread_blocked, id=137279, stack(0x00007000130fa000,0x00007000131fa000)]
  0x00007fb5077f4000 JavaThread "Direct Clip" daemon [_thread_blocked, id=139859, stack(0x0000700012ff7000,0x00007000130f7000)]
  0x00007fb5071d0800 JavaThread "Direct Clip" daemon [_thread_blocked, id=159023, stack(0x0000700012ef4000,0x0000700012ff4000)]
  0x00007fb5128b0000 JavaThread "Direct Clip" daemon [_thread_blocked, id=157579, stack(0x0000700012df1000,0x0000700012ef1000)]
  0x00007fb50560d000 JavaThread "Direct Clip" daemon [_thread_blocked, id=143779, stack(0x0000700012cee000,0x0000700012dee000)]
  0x00007fb5128bb000 JavaThread "Direct Clip" daemon [_thread_in_native, id=143991, stack(0x00007000123d3000,0x00007000124d3000)]
  0x00007fb5130a9000 JavaThread "Direct Clip" daemon [_thread_blocked, id=153311, stack(0x00007000122d0000,0x00007000123d0000)]
  0x00007fb50562e800 JavaThread "Direct Clip" daemon [_thread_blocked, id=150935, stack(0x00007000121cd000,0x00007000122cd000)]
  0x00007fb507a13000 JavaThread "Direct Clip" daemon [_thread_blocked, id=157995, stack(0x0000700012beb000,0x0000700012ceb000)]
  0x00007fb505680000 JavaThread "Direct Clip" daemon [_thread_blocked, id=143311, stack(0x00007000120ca000,0x00007000121ca000)]
  0x00007fb507d34000 JavaThread "Direct Clip" daemon [_thread_blocked, id=150371, stack(0x0000700012ae8000,0x0000700012be8000)]
  0x00007fb50567b000 JavaThread "Direct Clip" daemon [_thread_blocked, id=162823, stack(0x0000700013992000,0x0000700013a92000)]
  0x00007fb50507d000 JavaThread "Direct Clip" daemon [_thread_blocked, id=163075, stack(0x000070001388f000,0x000070001398f000)]
  0x00007fb505636000 JavaThread "Direct Clip" daemon [_thread_blocked, id=162307, stack(0x000070001378c000,0x000070001388c000)]
  0x00007fb512835800 JavaThread "Direct Clip" daemon [_thread_blocked, id=152727, stack(0x00007000129e5000,0x0000700012ae5000)]
  0x00007fb5055ef000 JavaThread "Direct Clip" daemon [_thread_blocked, id=149055, stack(0x00007000128e2000,0x00007000129e2000)]
  0x00007fb5077c5000 JavaThread "Direct Clip" daemon [_thread_blocked, id=142155, stack(0x00007000127df000,0x00007000128df000)]
  0x00007fb51187b800 JavaThread "Direct Clip" daemon [_thread_blocked, id=148967, stack(0x00007000126dc000,0x00007000127dc000)]
  0x00007fb506561000 JavaThread "Java Sound Event Dispatcher" daemon [_thread_blocked, id=135759, stack(0x0000700011f44000,0x0000700012044000)]
  0x00007fb505127800 JavaThread "DestroyJavaVM" [_thread_blocked, id=7171, stack(0x00007000100de000,0x00007000101de000)]
  0x00007fb505137800 JavaThread "AWT-EventQueue-0" [_thread_in_native, id=71691, stack(0x0000700011c38000,0x0000700011d38000)]
  0x00007fb505137000 JavaThread "TimerQueue" daemon [_thread_blocked, id=71175, stack(0x0000700011b35000,0x0000700011c35000)]
  0x00007fb5061b2800 JavaThread "Java2D Disposer" daemon [_thread_blocked, id=62979, stack(0x00007000119af000,0x0000700011aaf000)]
  0x00007fb506186000 JavaThread "Java2D Queue Flusher" daemon [_thread_blocked, id=59911, stack(0x00007000118ac000,0x00007000119ac000)]
  0x00007fb5050ad800 JavaThread "AWT-Shutdown" [_thread_blocked, id=33587, stack(0x000070001159d000,0x000070001169d000)]
=>0x00007fb505096000 JavaThread "AppKit Thread" daemon [_thread_in_native, id=2059, stack(0x00007fff5bfc2000,0x00007fff5c7c2000)]
  0x00007fb508801000 JavaThread "Service Thread" daemon [_thread_blocked, id=21763, stack(0x0000700011314000,0x0000700011414000)]
  0x00007fb509002000 JavaThread "C1 CompilerThread3" daemon [_thread_blocked, id=21251, stack(0x0000700011211000,0x0000700011311000)]
  0x00007fb508802800 JavaThread "C2 CompilerThread2" daemon [_thread_blocked, id=20739, stack(0x000070001110e000,0x000070001120e000)]
  0x00007fb505025000 JavaThread "C2 CompilerThread1" daemon [_thread_blocked, id=20227, stack(0x000070001100b000,0x000070001110b000)]
  0x00007fb505003000 JavaThread "C2 CompilerThread0" daemon [_thread_blocked, id=19715, stack(0x0000700010f08000,0x0000700011008000)]
  0x00007fb5060c8800 JavaThread "Monitor Ctrl-Break" daemon [_thread_in_native, id=19203, stack(0x0000700010e05000,0x0000700010f05000)]
  0x00007fb50600a000 JavaThread "Signal Dispatcher" daemon [_thread_blocked, id=18691, stack(0x0000700010d02000,0x0000700010e02000)]
  0x00007fb505011800 JavaThread "Finalizer" daemon [_thread_blocked, id=14595, stack(0x0000700010bff000,0x0000700010cff000)]
  0x00007fb508800000 JavaThread "Reference Handler" daemon [_thread_blocked, id=14083, stack(0x0000700010afc000,0x0000700010bfc000)]

Other Threads:
  0x00007fb50602a800 VMThread [stack: 0x00007000109f9000,0x0000700010af9000] [id=13571]
  0x00007fb507821000 WatcherThread [stack: 0x0000700011417000,0x0000700011517000] [id=22275]

VM state:not at safepoint (normal execution)

VM Mutex/Monitor currently owned by a thread: None

Heap:
 PSYoungGen      total 74752K, used 25794K [0x000000076ab00000, 0x0000000770e80000, 0x00000007c0000000)
  eden space 64000K, 24% used [0x000000076ab00000,0x000000076ba9aa48,0x000000076e980000)
  from space 10752K, 91% used [0x000000076eb00000,0x000000076f4960f8,0x000000076f580000)
  to   space 18944K, 0% used [0x000000076fc00000,0x000000076fc00000,0x0000000770e80000)
 ParOldGen       total 175104K, used 9072K [0x00000006c0000000, 0x00000006cab00000, 0x000000076ab00000)
  object space 175104K, 5% used [0x00000006c0000000,0x00000006c08dc100,0x00000006cab00000)
 Metaspace       used 13355K, capacity 13632K, committed 13696K, reserved 1060864K
  class space    used 1514K, capacity 1605K, committed 1664K, reserved 1048576K

Card table byte_map: [0x0000000105962000,0x0000000106163000] byte_map_base: 0x0000000102362000

Marking Bits: (ParMarkBitMap*) 0x0000000104ef0d30
 Begin Bits: [0x00000001066b9000, 0x000000010a6b9000)
 End Bits:   [0x000000010a6b9000, 0x000000010e6b9000)

Polling page: 0x0000000103500000

CodeCache: size=245760Kb used=7963Kb max_used=7966Kb free=237796Kb
 bounds [0x00000001109ff000, 0x00000001111df000, 0x000000011f9ff000]
 total_blobs=2743 nmethods=2215 adapters=441
 compilation: enabled

Compilation events (10 events):
Event: 21.136 Thread 0x00007fb508802800 2481       4       DrawBullet$4::actionPerformed (273 bytes)
Event: 21.172 Thread 0x00007fb508802800 nmethod 2481 0x00000001111cf010 code [0x00000001111cf320, 0x00000001111d0c10]
Event: 21.219 Thread 0x00007fb509002000 2482       3       java.awt.Container::numListening (216 bytes)
Event: 21.220 Thread 0x00007fb509002000 nmethod 2482 0x00000001111c8450 code [0x00000001111c8720, 0x00000001111c9948]
Event: 21.220 Thread 0x00007fb509002000 2483       3       java.awt.Component::numListening (97 bytes)
Event: 21.220 Thread 0x00007fb509002000 nmethod 2483 0x00000001111c2690 code [0x00000001111c2840, 0x00000001111c2df8]
Event: 21.237 Thread 0x00007fb509002000 2484       3       java.awt.Component::isShowing (38 bytes)
Event: 21.237 Thread 0x00007fb509002000 nmethod 2484 0x00000001111bf210 code [0x00000001111bf380, 0x00000001111bf6c8]
Event: 21.238 Thread 0x00007fb509002000 2485   !   3       com.sun.media.sound.DirectAudioDevice$DirectDL::drain (203 bytes)
Event: 21.239 Thread 0x00007fb509002000 nmethod 2485 0x00000001111c7250 code [0x00000001111c7440, 0x00000001111c8078]

GC Heap History (10 events):
Event: 4.713 GC heap before
{Heap before GC invocations=1 (full 0):
 PSYoungGen      total 76288K, used 65536K [0x000000076ab00000, 0x0000000770000000, 0x00000007c0000000)
  eden space 65536K, 100% used [0x000000076ab00000,0x000000076eb00000,0x000000076eb00000)
  from space 10752K, 0% used [0x000000076f580000,0x000000076f580000,0x0000000770000000)
  to   space 10752K, 0% used [0x000000076eb00000,0x000000076eb00000,0x000000076f580000)
 ParOldGen       total 175104K, used 0K [0x00000006c0000000, 0x00000006cab00000, 0x000000076ab00000)
  object space 175104K, 0% used [0x00000006c0000000,0x00000006c0000000,0x00000006cab00000)
 Metaspace       used 12629K, capacity 12880K, committed 13056K, reserved 1060864K
  class space    used 1466K, capacity 1533K, committed 1536K, reserved 1048576K
Event: 4.721 GC heap after
Heap after GC invocations=1 (full 0):
 PSYoungGen      total 76288K, used 10743K [0x000000076ab00000, 0x0000000770000000, 0x00000007c0000000)
  eden space 65536K, 0% used [0x000000076ab00000,0x000000076ab00000,0x000000076eb00000)
  from space 10752K, 99% used [0x000000076eb00000,0x000000076f57dce8,0x000000076f580000)
  to   space 10752K, 0% used [0x000000076f580000,0x000000076f580000,0x0000000770000000)
 ParOldGen       total 175104K, used 9040K [0x00000006c0000000, 0x00000006cab00000, 0x000000076ab00000)
  object space 175104K, 5% used [0x00000006c0000000,0x00000006c08d4100,0x00000006cab00000)
 Metaspace       used 12629K, capacity 12880K, committed 13056K, reserved 1060864K
  class space    used 1466K, capacity 1533K, committed 1536K, reserved 1048576K
}
Event: 8.634 GC heap before
{Heap before GC invocations=2 (full 0):
 PSYoungGen      total 76288K, used 76279K [0x000000076ab00000, 0x0000000770000000, 0x00000007c0000000)
  eden space 65536K, 100% used [0x000000076ab00000,0x000000076eb00000,0x000000076eb00000)
  from space 10752K, 99% used [0x000000076eb00000,0x000000076f57dce8,0x000000076f580000)
  to   space 10752K, 0% used [0x000000076f580000,0x000000076f580000,0x0000000770000000)
 ParOldGen       total 175104K, used 9040K [0x00000006c0000000, 0x00000006cab00000, 0x000000076ab00000)
  object space 175104K, 5% used [0x00000006c0000000,0x00000006c08d4100,0x00000006cab00000)
 Metaspace       used 13025K, capacity 13248K, committed 13440K, reserved 1060864K
  class space    used 1512K, capacity 1605K, committed 1664K, reserved 1048576K
Event: 8.640 GC heap after
Heap after GC invocations=2 (full 0):
 PSYoungGen      total 76288K, used 7353K [0x000000076ab00000, 0x0000000770000000, 0x00000007c0000000)
  eden space 65536K, 0% used [0x000000076ab00000,0x000000076ab00000,0x000000076eb00000)
  from space 10752K, 68% used [0x000000076f580000,0x000000076fcae6a8,0x0000000770000000)
  to   space 10752K, 0% used [0x000000076eb00000,0x000000076eb00000,0x000000076f580000)
 ParOldGen       total 175104K, used 9048K [0x00000006c0000000, 0x00000006cab00000, 0x000000076ab00000)
  object space 175104K, 5% used [0x00000006c0000000,0x00000006c08d6100,0x00000006cab00000)
 Metaspace       used 13025K, capacity 13248K, committed 13440K, reserved 1060864K
  class space    used 1512K, capacity 1605K, committed 1664K, reserved 1048576K
}
Event: 13.328 GC heap before
{Heap before GC invocations=3 (full 0):
 PSYoungGen      total 76288K, used 72889K [0x000000076ab00000, 0x0000000770000000, 0x00000007c0000000)
  eden space 65536K, 100% used [0x000000076ab00000,0x000000076eb00000,0x000000076eb00000)
  from space 10752K, 68% used [0x000000076f580000,0x000000076fcae6a8,0x0000000770000000)
  to   space 10752K, 0% used [0x000000076eb00000,0x000000076eb00000,0x000000076f580000)
 ParOldGen       total 175104K, used 9048K [0x00000006c0000000, 0x00000006cab00000, 0x000000076ab00000)
  object space 175104K, 5% used [0x00000006c0000000,0x00000006c08d6100,0x00000006cab00000)
 Metaspace       used 13107K, capacity 13376K, committed 13440K, reserved 1060864K
  class space    used 1513K, capacity 1605K, committed 1664K, reserved 1048576K
Event: 13.331 GC heap after
Heap after GC invocations=3 (full 0):
 PSYoungGen      total 76288K, used 6908K [0x000000076ab00000, 0x0000000770000000, 0x00000007c0000000)
  eden space 65536K, 0% used [0x000000076ab00000,0x000000076ab00000,0x000000076eb00000)
  from space 10752K, 64% used [0x000000076eb00000,0x000000076f1bf378,0x000000076f580000)
  to   space 10752K, 0% used [0x000000076f580000,0x000000076f580000,0x0000000770000000)
 ParOldGen       total 175104K, used 9056K [0x00000006c0000000, 0x00000006cab00000, 0x000000076ab00000)
  object space 175104K, 5% used [0x00000006c0000000,0x00000006c08d8100,0x00000006cab00000)
 Metaspace       used 13107K, capacity 13376K, committed 13440K, reserved 1060864K
  class space    used 1513K, capacity 1605K, committed 1664K, reserved 1048576K
}
Event: 17.939 GC heap before
{Heap before GC invocations=4 (full 0):
 PSYoungGen      total 76288K, used 72444K [0x000000076ab00000, 0x0000000770000000, 0x00000007c0000000)
  eden space 65536K, 100% used [0x000000076ab00000,0x000000076eb00000,0x000000076eb00000)
  from space 10752K, 64% used [0x000000076eb00000,0x000000076f1bf378,0x000000076f580000)
  to   space 10752K, 0% used [0x000000076f580000,0x000000076f580000,0x0000000770000000)
 ParOldGen       total 175104K, used 9056K [0x00000006c0000000, 0x00000006cab00000, 0x000000076ab00000)
  object space 175104K, 5% used [0x00000006c0000000,0x00000006c08d8100,0x00000006cab00000)
 Metaspace       used 13223K, capacity 13440K, committed 13696K, reserved 1060864K
  class space    used 1514K, capacity 1605K, committed 1664K, reserved 1048576K
Event: 17.943 GC heap after
Heap after GC invocations=4 (full 0):
 PSYoungGen      total 76288K, used 7663K [0x000000076ab00000, 0x0000000770000000, 0x00000007c0000000)
  eden space 65536K, 0% used [0x000000076ab00000,0x000000076ab00000,0x000000076eb00000)
  from space 10752K, 71% used [0x000000076f580000,0x000000076fcfbda8,0x0000000770000000)
  to   space 10752K, 0% used [0x000000076eb00000,0x000000076eb00000,0x000000076f580000)
 ParOldGen       total 175104K, used 9064K [0x00000006c0000000, 0x00000006cab00000, 0x000000076ab00000)
  object space 175104K, 5% used [0x00000006c0000000,0x00000006c08da100,0x00000006cab00000)
 Metaspace       used 13223K, capacity 13440K, committed 13696K, reserved 1060864K
  class space    used 1514K, capacity 1605K, committed 1664K, reserved 1048576K
}
Event: 20.731 GC heap before
{Heap before GC invocations=5 (full 0):
 PSYoungGen      total 76288K, used 73199K [0x000000076ab00000, 0x0000000770000000, 0x00000007c0000000)
  eden space 65536K, 100% used [0x000000076ab00000,0x000000076eb00000,0x000000076eb00000)
  from space 10752K, 71% used [0x000000076f580000,0x000000076fcfbda8,0x0000000770000000)
  to   space 10752K, 0% used [0x000000076eb00000,0x000000076eb00000,0x000000076f580000)
 ParOldGen       total 175104K, used 9064K [0x00000006c0000000, 0x00000006cab00000, 0x000000076ab00000)
  object space 175104K, 5% used [0x00000006c0000000,0x00000006c08da100,0x00000006cab00000)
 Metaspace       used 13348K, capacity 13568K, committed 13696K, reserved 1060864K
  class space    used 1514K, capacity 1605K, committed 1664K, reserved 1048576K
Event: 20.736 GC heap after
Heap after GC invocations=5 (full 0):
 PSYoungGen      total 74752K, used 9816K [0x000000076ab00000, 0x0000000770e80000, 0x00000007c0000000)
  eden space 64000K, 0% used [0x000000076ab00000,0x000000076ab00000,0x000000076e980000)
  from space 10752K, 91% used [0x000000076eb00000,0x000000076f4960f8,0x000000076f580000)
  to   space 18944K, 0% used [0x000000076fc00000,0x000000076fc00000,0x0000000770e80000)
 ParOldGen       total 175104K, used 9072K [0x00000006c0000000, 0x00000006cab00000, 0x000000076ab00000)
  object space 175104K, 5% used [0x00000006c0000000,0x00000006c08dc100,0x00000006cab00000)
 Metaspace       used 13348K, capacity 13568K, committed 13696K, reserved 1060864K
  class space    used 1514K, capacity 1605K, committed 1664K, reserved 1048576K
}

Deoptimization events (10 events):
Event: 15.909 Thread 0x00007fb505137800 Uncommon trap: reason=unstable_if action=reinterpret pc=0x00000001110cddf8 method=sun.awt.PostEventQueue.flush()V @ 23
Event: 16.323 Thread 0x00007fb505137800 Uncommon trap: reason=class_check action=maybe_recompile pc=0x000000011112b6b8 method=java.awt.EventQueue.coalesceEvent(Ljava/awt/AWTEvent;I)Z @ 32
Event: 19.010 Thread 0x00007fb505137800 Uncommon trap: reason=unstable_if action=reinterpret pc=0x00000001110dbfcc method=sun.java2d.opengl.OGLDrawImage.renderImageXform(Lsun/java2d/SunGraphics2D;Ljava/awt/Image;Ljava/awt/geom/AffineTransform;IIIIILjava/awt/Color;)V @ 50
Event: 19.010 Thread 0x00007fb505137800 Uncommon trap: reason=class_check action=maybe_recompile pc=0x00000001110c9888 method=sun.java2d.loops.TransformBlit.getFromCache(Lsun/java2d/loops/SurfaceType;Lsun/java2d/loops/CompositeType;Lsun/java2d/loops/SurfaceType;)Lsun/java2d/loops/TransformBlit;
Event: 19.035 Thread 0x00007fb505137800 Uncommon trap: reason=class_check action=maybe_recompile pc=0x00000001110c9888 method=sun.java2d.loops.TransformBlit.getFromCache(Lsun/java2d/loops/SurfaceType;Lsun/java2d/loops/CompositeType;Lsun/java2d/loops/SurfaceType;)Lsun/java2d/loops/TransformBlit;
Event: 19.069 Thread 0x00007fb505137800 Uncommon trap: reason=class_check action=maybe_recompile pc=0x00000001110c9888 method=sun.java2d.loops.TransformBlit.getFromCache(Lsun/java2d/loops/SurfaceType;Lsun/java2d/loops/CompositeType;Lsun/java2d/loops/SurfaceType;)Lsun/java2d/loops/TransformBlit;
Event: 19.102 Thread 0x00007fb505137800 Uncommon trap: reason=class_check action=maybe_recompile pc=0x00000001110c9888 method=sun.java2d.loops.TransformBlit.getFromCache(Lsun/java2d/loops/SurfaceType;Lsun/java2d/loops/CompositeType;Lsun/java2d/loops/SurfaceType;)Lsun/java2d/loops/TransformBlit;
Event: 20.853 Thread 0x00007fb505137800 Uncommon trap: reason=unstable_if action=reinterpret pc=0x0000000110e05940 method=java.util.concurrent.atomic.AtomicBoolean.get()Z @ 4
Event: 21.183 Thread 0x00007fb505137800 Uncommon trap: reason=unstable_if action=reinterpret pc=0x00000001110c9d60 method=java.awt.Component.isShowing()Z @ 4
Event: 21.183 Thread 0x00007fb505137800 Uncommon trap: reason=unstable_if action=reinterpret pc=0x00000001110c9d98 method=java.awt.Component.isShowing()Z @ 27

Internal exceptions (10 events):
Event: 0.317 Thread 0x00007fb507807000 Exception <a 'java/io/FileNotFoundException'> (0x000000076b162818) thrown at [/Users/java_re/workspace/8-2-build-macosx-x86_64/jdk8u121/8372/hotspot/src/share/vm/prims/jni.cpp, line 709]
Event: 0.317 Thread 0x00007fb507807000 Exception <a 'java/io/FileNotFoundException'> (0x000000076b163398) thrown at [/Users/java_re/workspace/8-2-build-macosx-x86_64/jdk8u121/8372/hotspot/src/share/vm/prims/jni.cpp, line 709]
Event: 0.329 Thread 0x00007fb507807000 Exception <a 'java/io/FileNotFoundException'> (0x000000076b2f45d8) thrown at [/Users/java_re/workspace/8-2-build-macosx-x86_64/jdk8u121/8372/hotspot/src/share/vm/prims/jni.cpp, line 709]
Event: 1.827 Thread 0x00007fb507807000 Exception <a 'java/io/FileNotFoundException'> (0x000000076d502ac8) thrown at [/Users/java_re/workspace/8-2-build-macosx-x86_64/jdk8u121/8372/hotspot/src/share/vm/prims/jni.cpp, line 709]
Event: 4.723 Thread 0x00007fb505011800 Exception <a 'java/lang/NullPointerException'> (0x000000076ac69f18) thrown at [/Users/java_re/workspace/8-2-build-macosx-x86_64/jdk8u121/8372/hotspot/src/share/vm/interpreter/linkResolver.cpp, line 1178]
Event: 5.353 Thread 0x00007fb505096000 Exception <a 'java/lang/NullPointerException'> (0x000000076ae59a58) thrown at [/Users/java_re/workspace/8-2-build-macosx-x86_64/jdk8u121/8372/hotspot/src/share/vm/prims/jni.cpp, line 1340]
Event: 13.578 Thread 0x00007fb505096000 Exception <a 'java/lang/NullPointerException'> (0x000000076ac434b0) thrown at [/Users/java_re/workspace/8-2-build-macosx-x86_64/jdk8u121/8372/hotspot/src/share/vm/prims/jni.cpp, line 1340]
Event: 15.180 Thread 0x00007fb505096000 Exception <a 'java/lang/NullPointerException'> (0x000000076ac441a8) thrown at [/Users/java_re/workspace/8-2-build-macosx-x86_64/jdk8u121/8372/hotspot/src/share/vm/prims/jni.cpp, line 1340]
Event: 15.871 Thread 0x00007fb505096000 Exception <a 'java/lang/NullPointerException'> (0x000000076ac44ff0) thrown at [/Users/java_re/workspace/8-2-build-macosx-x86_64/jdk8u121/8372/hotspot/src/share/vm/prims/jni.cpp, line 1340]
Event: 18.573 Thread 0x00007fb505096000 Exception <a 'java/lang/NullPointerException'> (0x000000076ac446d0) thrown at [/Users/java_re/workspace/8-2-build-macosx-x86_64/jdk8u121/8372/hotspot/src/share/vm/prims/jni.cpp, line 1340]

Events (10 events):
Event: 21.039 Thread 0x00007fb511aff000 Thread added: 0x00007fb511aff000
Event: 21.059 Thread 0x00007fb5077f2800 Thread exited: 0x00007fb5077f2800
Event: 21.183 Thread 0x00007fb505137800 Uncommon trap: trap_request=0xffffff65 fr.pc=0x00000001110c9d60
Event: 21.183 Thread 0x00007fb505137800 DEOPT PACKING pc=0x00000001110c9d60 sp=0x0000700011d36660
Event: 21.183 Thread 0x00007fb505137800 DEOPT UNPACKING pc=0x0000000110a04229 sp=0x0000700011d36618 mode 2
Event: 21.183 Thread 0x00007fb505137800 Uncommon trap: trap_request=0xffffff65 fr.pc=0x00000001110c9d98
Event: 21.183 Thread 0x00007fb505137800 DEOPT PACKING pc=0x00000001110c9d98 sp=0x0000700011d36690
Event: 21.183 Thread 0x00007fb505137800 DEOPT UNPACKING pc=0x0000000110a04229 sp=0x0000700011d36650 mode 2
Event: 21.219 Thread 0x00007fb512805000 Thread added: 0x00007fb512805000
Event: 21.233 Thread 0x00007fb5119d8000 Thread exited: 0x00007fb5119d8000


Dynamic libraries:
0x0000000057ae7000 	/System/Library/Frameworks/Cocoa.framework/Versions/A/Cocoa
0x0000000057ae7000 	/System/Library/Frameworks/Security.framework/Versions/A/Security
0x0000000057ae7000 	/System/Library/Frameworks/ApplicationServices.framework/Versions/A/ApplicationServices
0x0000000057ae7000 	/usr/lib/libz.1.dylib
0x0000000057ae7000 	/usr/lib/libSystem.B.dylib
0x0000000057ae7000 	/usr/lib/libobjc.A.dylib
0x0000000057ae7000 	/System/Library/Frameworks/CoreFoundation.framework/Versions/A/CoreFoundation
0x0000000057ae7000 	/System/Library/Frameworks/Foundation.framework/Versions/C/Foundation
0x0000000057ae7000 	/System/Library/Frameworks/AppKit.framework/Versions/C/AppKit
0x0000000057ae7000 	/System/Library/Frameworks/CoreData.framework/Versions/A/CoreData
0x0000000057ae7000 	/System/Library/PrivateFrameworks/RemoteViewServices.framework/Versions/A/RemoteViewServices
0x0000000057ae7000 	/System/Library/PrivateFrameworks/UIFoundation.framework/Versions/A/UIFoundation
0x0000000057ae7000 	/usr/lib/libenergytrace.dylib
0x0000000057ae7000 	/System/Library/PrivateFrameworks/SkyLight.framework/Versions/A/SkyLight
0x0000000057ae7000 	/System/Library/Frameworks/CoreGraphics.framework/Versions/A/CoreGraphics
0x0000000057ae7000 	/usr/lib/libScreenReader.dylib
0x0000000057ae7000 	/System/Library/Frameworks/Accelerate.framework/Versions/A/Accelerate
0x0000000057ae7000 	/System/Library/Frameworks/IOSurface.framework/Versions/A/IOSurface
0x0000000057ae7000 	/System/Library/Frameworks/AudioToolbox.framework/Versions/A/AudioToolbox
0x0000000057ae7000 	/System/Library/Frameworks/AudioUnit.framework/Versions/A/AudioUnit
0x0000000057ae7000 	/System/Library/PrivateFrameworks/DataDetectorsCore.framework/Versions/A/DataDetectorsCore
0x0000000057ae7000 	/System/Library/PrivateFrameworks/DesktopServicesPriv.framework/Versions/A/DesktopServicesPriv
0x0000000057ae7000 	/System/Library/Frameworks/Carbon.framework/Versions/A/Frameworks/HIToolbox.framework/Versions/A/HIToolbox
0x0000000057ae7000 	/usr/lib/libicucore.A.dylib
0x0000000057ae7000 	/System/Library/Frameworks/QuartzCore.framework/Versions/A/QuartzCore
0x0000000057ae7000 	/System/Library/Frameworks/Carbon.framework/Versions/A/Frameworks/SpeechRecognition.framework/Versions/A/SpeechRecognition
0x0000000057ae7000 	/usr/lib/libauto.dylib
0x0000000057ae7000 	/usr/lib/libxml2.2.dylib
0x0000000057ae7000 	/System/Library/PrivateFrameworks/CoreUI.framework/Versions/A/CoreUI
0x0000000057ae7000 	/System/Library/Frameworks/CoreAudio.framework/Versions/A/CoreAudio
0x0000000057ae7000 	/System/Library/Frameworks/DiskArbitration.framework/Versions/A/DiskArbitration
0x0000000057ae7000 	/usr/lib/liblangid.dylib
0x0000000057ae7000 	/System/Library/PrivateFrameworks/MultitouchSupport.framework/Versions/A/MultitouchSupport
0x0000000057ae7000 	/System/Library/Frameworks/IOKit.framework/Versions/A/IOKit
0x0000000057ae7000 	/usr/lib/libDiagnosticMessagesClient.dylib
0x0000000057ae7000 	/System/Library/Frameworks/CoreServices.framework/Versions/A/CoreServices
0x0000000057ae7000 	/System/Library/PrivateFrameworks/PerformanceAnalysis.framework/Versions/A/PerformanceAnalysis
0x0000000057ae7000 	/System/Library/PrivateFrameworks/GenerationalStorage.framework/Versions/A/GenerationalStorage
0x0000000057ae7000 	/System/Library/Frameworks/OpenGL.framework/Versions/A/OpenGL
0x0000000057ae7000 	/System/Library/Frameworks/CoreImage.framework/Versions/A/CoreImage
0x0000000057ae7000 	/System/Library/Frameworks/CoreText.framework/Versions/A/CoreText
0x0000000057ae7000 	/System/Library/Frameworks/ImageIO.framework/Versions/A/ImageIO
0x0000000057ae7000 	/System/Library/PrivateFrameworks/Backup.framework/Versions/A/Backup
0x0000000057ae7000 	/usr/lib/libarchive.2.dylib
0x0000000057ae7000 	/System/Library/Frameworks/CFNetwork.framework/Versions/A/CFNetwork
0x0000000057ae7000 	/System/Library/Frameworks/SystemConfiguration.framework/Versions/A/SystemConfiguration
0x0000000057ae7000 	/usr/lib/libCRFSuite.dylib
0x0000000057ae7000 	/usr/lib/libc++.1.dylib
0x0000000057ae7000 	/usr/lib/libc++abi.dylib
0x0000000057ae7000 	/usr/lib/system/libcache.dylib
0x0000000057ae7000 	/usr/lib/system/libcommonCrypto.dylib
0x0000000057ae7000 	/usr/lib/system/libcompiler_rt.dylib
0x0000000057ae7000 	/usr/lib/system/libcopyfile.dylib
0x0000000057ae7000 	/usr/lib/system/libcorecrypto.dylib
0x0000000057ae7000 	/usr/lib/system/libdispatch.dylib
0x0000000057ae7000 	/usr/lib/system/libdyld.dylib
0x0000000057ae7000 	/usr/lib/system/libkeymgr.dylib
0x0000000057ae7000 	/usr/lib/system/liblaunch.dylib
0x0000000057ae7000 	/usr/lib/system/libmacho.dylib
0x0000000057ae7000 	/usr/lib/system/libquarantine.dylib
0x0000000057ae7000 	/usr/lib/system/libremovefile.dylib
0x0000000057ae7000 	/usr/lib/system/libsystem_asl.dylib
0x0000000057ae7000 	/usr/lib/system/libsystem_blocks.dylib
0x0000000057ae7000 	/usr/lib/system/libsystem_c.dylib
0x0000000057ae7000 	/usr/lib/system/libsystem_configuration.dylib
0x0000000057ae7000 	/usr/lib/system/libsystem_coreservices.dylib
0x0000000057ae7000 	/usr/lib/system/libsystem_coretls.dylib
0x0000000057ae7000 	/usr/lib/system/libsystem_dnssd.dylib
0x0000000057ae7000 	/usr/lib/system/libsystem_info.dylib
0x0000000057ae7000 	/usr/lib/system/libsystem_kernel.dylib
0x0000000057ae7000 	/usr/lib/system/libsystem_m.dylib
0x0000000057ae7000 	/usr/lib/system/libsystem_malloc.dylib
0x0000000057ae7000 	/usr/lib/system/libsystem_network.dylib
0x0000000057ae7000 	/usr/lib/system/libsystem_networkextension.dylib
0x0000000057ae7000 	/usr/lib/system/libsystem_notify.dylib
0x0000000057ae7000 	/usr/lib/system/libsystem_platform.dylib
0x0000000057ae7000 	/usr/lib/system/libsystem_pthread.dylib
0x0000000057ae7000 	/usr/lib/system/libsystem_sandbox.dylib
0x0000000057ae7000 	/usr/lib/system/libsystem_secinit.dylib
0x0000000057ae7000 	/usr/lib/system/libsystem_symptoms.dylib
0x0000000057ae7000 	/usr/lib/system/libsystem_trace.dylib
0x0000000057ae7000 	/usr/lib/system/libunwind.dylib
0x0000000057ae7000 	/usr/lib/system/libxpc.dylib
0x0000000057ae7000 	/usr/lib/libbsm.0.dylib
0x0000000057ae7000 	/usr/lib/system/libkxld.dylib
0x0000000057ae7000 	/usr/lib/libcoretls.dylib
0x0000000057ae7000 	/usr/lib/libcoretls_cfhelpers.dylib
0x0000000057ae7000 	/usr/lib/libxar.1.dylib
0x0000000057ae7000 	/usr/lib/libsqlite3.dylib
0x0000000057ae7000 	/usr/lib/libpam.2.dylib
0x0000000057ae7000 	/usr/lib/libOpenScriptingUtil.dylib
0x0000000057ae7000 	/usr/lib/libbz2.1.0.dylib
0x0000000057ae7000 	/usr/lib/liblzma.5.dylib
0x0000000057ae7000 	/usr/lib/libnetwork.dylib
0x0000000057ae7000 	/usr/lib/libpcap.A.dylib
0x0000000057ae7000 	/System/Library/Frameworks/CoreServices.framework/Versions/A/Frameworks/FSEvents.framework/Versions/A/FSEvents
0x0000000057ae7000 	/System/Library/Frameworks/CoreServices.framework/Versions/A/Frameworks/CarbonCore.framework/Versions/A/CarbonCore
0x0000000057ae7000 	/System/Library/Frameworks/CoreServices.framework/Versions/A/Frameworks/Metadata.framework/Versions/A/Metadata
0x0000000057ae7000 	/System/Library/Frameworks/CoreServices.framework/Versions/A/Frameworks/OSServices.framework/Versions/A/OSServices
0x0000000057ae7000 	/System/Library/Frameworks/CoreServices.framework/Versions/A/Frameworks/SearchKit.framework/Versions/A/SearchKit
0x0000000057ae7000 	/System/Library/Frameworks/CoreServices.framework/Versions/A/Frameworks/AE.framework/Versions/A/AE
0x0000000057ae7000 	/System/Library/Frameworks/CoreServices.framework/Versions/A/Frameworks/LaunchServices.framework/Versions/A/LaunchServices
0x0000000057ae7000 	/System/Library/Frameworks/CoreServices.framework/Versions/A/Frameworks/DictionaryServices.framework/Versions/A/DictionaryServices
0x0000000057ae7000 	/System/Library/Frameworks/CoreServices.framework/Versions/A/Frameworks/SharedFileList.framework/Versions/A/SharedFileList
0x0000000057ae7000 	/System/Library/Frameworks/NetFS.framework/Versions/A/NetFS
0x0000000057ae7000 	/System/Library/PrivateFrameworks/NetAuth.framework/Versions/A/NetAuth
0x0000000057ae7000 	/System/Library/PrivateFrameworks/login.framework/Versions/A/Frameworks/loginsupport.framework/Versions/A/loginsupport
0x0000000057ae7000 	/System/Library/PrivateFrameworks/TCC.framework/Versions/A/TCC
0x0000000057ae7000 	/usr/lib/libmecabra.dylib
0x0000000057ae7000 	/System/Library/Frameworks/ApplicationServices.framework/Versions/A/Frameworks/ATS.framework/Versions/A/ATS
0x0000000057ae7000 	/System/Library/Frameworks/ApplicationServices.framework/Versions/A/Frameworks/ColorSync.framework/Versions/A/ColorSync
0x0000000057ae7000 	/System/Library/Frameworks/ApplicationServices.framework/Versions/A/Frameworks/HIServices.framework/Versions/A/HIServices
0x0000000057ae7000 	/System/Library/Frameworks/ApplicationServices.framework/Versions/A/Frameworks/LangAnalysis.framework/Versions/A/LangAnalysis
0x0000000057ae7000 	/System/Library/Frameworks/ApplicationServices.framework/Versions/A/Frameworks/PrintCore.framework/Versions/A/PrintCore
0x0000000057ae7000 	/System/Library/Frameworks/ApplicationServices.framework/Versions/A/Frameworks/QD.framework/Versions/A/QD
0x0000000057ae7000 	/System/Library/Frameworks/ApplicationServices.framework/Versions/A/Frameworks/SpeechSynthesis.framework/Versions/A/SpeechSynthesis
0x0000000057ae7000 	/System/Library/Frameworks/Accelerate.framework/Versions/A/Frameworks/vImage.framework/Versions/A/vImage
0x0000000057ae7000 	/System/Library/Frameworks/Accelerate.framework/Versions/A/Frameworks/vecLib.framework/Versions/A/vecLib
0x0000000057ae7000 	/System/Library/Frameworks/Accelerate.framework/Versions/A/Frameworks/vecLib.framework/Versions/A/libvDSP.dylib
0x0000000057ae7000 	/System/Library/Frameworks/Accelerate.framework/Versions/A/Frameworks/vecLib.framework/Versions/A/libBNNS.dylib
0x0000000057ae7000 	/System/Library/Frameworks/Accelerate.framework/Versions/A/Frameworks/vecLib.framework/Versions/A/libQuadrature.dylib
0x0000000057ae7000 	/System/Library/Frameworks/Accelerate.framework/Versions/A/Frameworks/vecLib.framework/Versions/A/libvMisc.dylib
0x0000000057ae7000 	/System/Library/Frameworks/Accelerate.framework/Versions/A/Frameworks/vecLib.framework/Versions/A/libLAPACK.dylib
0x0000000057ae7000 	/System/Library/Frameworks/Accelerate.framework/Versions/A/Frameworks/vecLib.framework/Versions/A/libBLAS.dylib
0x0000000057ae7000 	/System/Library/Frameworks/Accelerate.framework/Versions/A/Frameworks/vecLib.framework/Versions/A/libLinearAlgebra.dylib
0x0000000057ae7000 	/System/Library/Frameworks/Accelerate.framework/Versions/A/Frameworks/vecLib.framework/Versions/A/libSparseBLAS.dylib
0x0000000057ae7000 	/System/Library/Frameworks/ApplicationServices.framework/Versions/A/Frameworks/ATS.framework/Versions/A/Resources/libFontParser.dylib
0x0000000057ae7000 	/System/Library/Frameworks/ApplicationServices.framework/Versions/A/Frameworks/ATS.framework/Versions/A/Resources/libFontRegistry.dylib
0x0000000057ae7000 	/System/Library/Frameworks/ImageIO.framework/Versions/A/Resources/libJPEG.dylib
0x0000000057ae7000 	/System/Library/Frameworks/ImageIO.framework/Versions/A/Resources/libTIFF.dylib
0x0000000057ae7000 	/System/Library/Frameworks/ImageIO.framework/Versions/A/Resources/libPng.dylib
0x0000000057ae7000 	/System/Library/Frameworks/ImageIO.framework/Versions/A/Resources/libGIF.dylib
0x0000000057ae7000 	/System/Library/Frameworks/ImageIO.framework/Versions/A/Resources/libJP2.dylib
0x0000000057ae7000 	/System/Library/Frameworks/ImageIO.framework/Versions/A/Resources/libRadiance.dylib
0x0000000057ae7000 	/usr/lib/libcompression.dylib
0x0000000057ae7000 	/System/Library/PrivateFrameworks/AppleJPEG.framework/Versions/A/AppleJPEG
0x0000000057ae7000 	/usr/lib/libcups.2.dylib
0x0000000057ae7000 	/System/Library/Frameworks/Kerberos.framework/Versions/A/Kerberos
0x0000000057ae7000 	/System/Library/Frameworks/GSS.framework/Versions/A/GSS
0x0000000057ae7000 	/usr/lib/libresolv.9.dylib
0x0000000057ae7000 	/usr/lib/libiconv.2.dylib
0x0000000057ae7000 	/System/Library/PrivateFrameworks/Heimdal.framework/Versions/A/Heimdal
0x0000000057ae7000 	/usr/lib/libheimdal-asn1.dylib
0x0000000057ae7000 	/System/Library/Frameworks/OpenDirectory.framework/Versions/A/OpenDirectory
0x0000000057ae7000 	/System/Library/PrivateFrameworks/CommonAuth.framework/Versions/A/CommonAuth
0x0000000057ae7000 	/System/Library/Frameworks/OpenDirectory.framework/Versions/A/Frameworks/CFOpenDirectory.framework/Versions/A/CFOpenDirectory
0x0000000057ae7000 	/System/Library/Frameworks/SecurityFoundation.framework/Versions/A/SecurityFoundation
0x0000000057ae7000 	/System/Library/PrivateFrameworks/LanguageModeling.framework/Versions/A/LanguageModeling
0x0000000057ae7000 	/usr/lib/libmarisa.dylib
0x0000000057ae7000 	/usr/lib/libChineseTokenizer.dylib
0x0000000057ae7000 	/usr/lib/libcmph.dylib
0x0000000057ae7000 	/System/Library/PrivateFrameworks/CoreEmoji.framework/Versions/A/CoreEmoji
0x0000000057ae7000 	/System/Library/Frameworks/ServiceManagement.framework/Versions/A/ServiceManagement
0x0000000057ae7000 	/usr/lib/libxslt.1.dylib
0x0000000057ae7000 	/System/Library/Frameworks/Carbon.framework/Versions/A/Frameworks/Ink.framework/Versions/A/Ink
0x0000000057ae7000 	/System/Library/PrivateFrameworks/TextureIO.framework/Versions/A/TextureIO
0x0000000057ae7000 	/System/Library/Frameworks/Metal.framework/Versions/A/Metal
0x0000000057ae7000 	/usr/lib/libate.dylib
0x0000000057ae7000 	/System/Library/PrivateFrameworks/GPUCompiler.framework/libmetal_timestamp.dylib
0x0000000057ae7000 	/System/Library/Frameworks/OpenGL.framework/Versions/A/Libraries/libCoreFSCache.dylib
0x0000000057ae7000 	/System/Library/PrivateFrameworks/IOAccelerator.framework/Versions/A/IOAccelerator
0x0000000057ae7000 	/System/Library/Frameworks/CoreVideo.framework/Versions/A/CoreVideo
0x0000000057ae7000 	/usr/lib/libFosl_dynamic.dylib
0x0000000057ae7000 	/System/Library/PrivateFrameworks/MetalPerformanceShaders.framework/Versions/A/MetalPerformanceShaders
0x0000000057ae7000 	/System/Library/PrivateFrameworks/FaceCore.framework/Versions/A/FaceCore
0x0000000057ae7000 	/System/Library/Frameworks/OpenCL.framework/Versions/A/OpenCL
0x0000000057ae7000 	/System/Library/Frameworks/OpenGL.framework/Versions/A/Libraries/libGLU.dylib
0x0000000057ae7000 	/System/Library/Frameworks/OpenGL.framework/Versions/A/Libraries/libGFXShared.dylib
0x0000000057ae7000 	/System/Library/Frameworks/OpenGL.framework/Versions/A/Libraries/libGL.dylib
0x0000000057ae7000 	/System/Library/Frameworks/OpenGL.framework/Versions/A/Libraries/libGLImage.dylib
0x0000000057ae7000 	/System/Library/Frameworks/OpenGL.framework/Versions/A/Libraries/libCVMSPluginSupport.dylib
0x0000000057ae7000 	/System/Library/Frameworks/OpenGL.framework/Versions/A/Libraries/libCoreVMClient.dylib
0x0000000057ae7000 	/System/Library/PrivateFrameworks/CrashReporterSupport.framework/Versions/A/CrashReporterSupport
0x0000000057ae7000 	/System/Library/PrivateFrameworks/Sharing.framework/Versions/A/Sharing
0x0000000057ae7000 	/System/Library/PrivateFrameworks/IconServices.framework/Versions/A/IconServices
0x0000000057ae7000 	/System/Library/PrivateFrameworks/ProtocolBuffer.framework/Versions/A/ProtocolBuffer
0x0000000057ae7000 	/System/Library/PrivateFrameworks/Apple80211.framework/Versions/A/Apple80211
0x0000000057ae7000 	/System/Library/Frameworks/CoreWLAN.framework/Versions/A/CoreWLAN
0x0000000057ae7000 	/System/Library/PrivateFrameworks/CoreUtils.framework/Versions/A/CoreUtils
0x0000000057ae7000 	/System/Library/Frameworks/IOBluetooth.framework/Versions/A/IOBluetooth
0x0000000057ae7000 	/System/Library/PrivateFrameworks/CoreWiFi.framework/Versions/A/CoreWiFi
0x0000000057ae7000 	/System/Library/Frameworks/CoreBluetooth.framework/Versions/A/CoreBluetooth
0x0000000057ae7000 	/System/Library/Frameworks/CoreDisplay.framework/Versions/A/CoreDisplay
0x0000000057ae7000 	/System/Library/PrivateFrameworks/IOPresentment.framework/Versions/A/IOPresentment
0x0000000057ae7000 	/System/Library/PrivateFrameworks/DebugSymbols.framework/Versions/A/DebugSymbols
0x0000000057ae7000 	/System/Library/PrivateFrameworks/CoreSymbolication.framework/Versions/A/CoreSymbolication
0x0000000057ae7000 	/System/Library/PrivateFrameworks/Symbolication.framework/Versions/A/Symbolication
0x0000000057ae7000 	/System/Library/PrivateFrameworks/AppleFSCompression.framework/Versions/A/AppleFSCompression
0x0000000057ae7000 	/System/Library/PrivateFrameworks/SpeechRecognitionCore.framework/Versions/A/SpeechRecognitionCore
0x0000000057ae7000 	/System/Library/PrivateFrameworks/ChunkingLibrary.framework/Versions/A/ChunkingLibrary
0x0000000104600000 	/Library/Java/JavaVirtualMachines/jdk1.8.0_121.jdk/Contents/Home/jre/lib/server/libjvm.dylib
0x0000000057ae7000 	/usr/lib/libstdc++.6.dylib
0x00000001034bd000 	/Library/Java/JavaVirtualMachines/jdk1.8.0_121.jdk/Contents/Home/jre/lib/libverify.dylib
0x00000001034cb000 	/Library/Java/JavaVirtualMachines/jdk1.8.0_121.jdk/Contents/Home/jre/lib/libjava.dylib
0x0000000103501000 	/Library/Java/JavaVirtualMachines/jdk1.8.0_121.jdk/Contents/Home/jre/lib/libinstrument.dylib
0x000000010355f000 	/Library/Java/JavaVirtualMachines/jdk1.8.0_121.jdk/Contents/Home/jre/lib/libzip.dylib
0x000000012063f000 	/System/Library/Frameworks/JavaVM.framework/Frameworks/JavaRuntimeSupport.framework/JavaRuntimeSupport
0x0000000120659000 	/System/Library/Frameworks/JavaVM.framework/Versions/A/Frameworks/JavaNativeFoundation.framework/Versions/A/JavaNativeFoundation
0x0000000110960000 	/System/Library/Frameworks/JavaVM.framework/Versions/A/JavaVM
0x0000000057ae7000 	/System/Library/Frameworks/Carbon.framework/Versions/A/Carbon
0x000000012066e000 	/System/Library/PrivateFrameworks/JavaLaunching.framework/Versions/A/JavaLaunching
0x0000000057ae7000 	/System/Library/Frameworks/Carbon.framework/Versions/A/Frameworks/CommonPanels.framework/Versions/A/CommonPanels
0x0000000057ae7000 	/System/Library/Frameworks/Carbon.framework/Versions/A/Frameworks/Help.framework/Versions/A/Help
0x0000000057ae7000 	/System/Library/Frameworks/Carbon.framework/Versions/A/Frameworks/ImageCapture.framework/Versions/A/ImageCapture
0x0000000057ae7000 	/System/Library/Frameworks/Carbon.framework/Versions/A/Frameworks/OpenScripting.framework/Versions/A/OpenScripting
0x0000000057ae7000 	/System/Library/Frameworks/Carbon.framework/Versions/A/Frameworks/Print.framework/Versions/A/Print
0x0000000057ae7000 	/System/Library/Frameworks/Carbon.framework/Versions/A/Frameworks/SecurityHI.framework/Versions/A/SecurityHI
0x0000000122088000 	/Library/Java/JavaVirtualMachines/jdk1.8.0_121.jdk/Contents/Home/jre/lib/libnet.dylib
0x00000001220ec000 	/Library/Java/JavaVirtualMachines/jdk1.8.0_121.jdk/Contents/Home/jre/lib/libawt.dylib
0x0000000122194000 	/Library/Java/JavaVirtualMachines/jdk1.8.0_121.jdk/Contents/Home/jre/lib/./libmlib_image.dylib
0x0000000122260000 	/Library/Java/JavaVirtualMachines/jdk1.8.0_121.jdk/Contents/Home/jre/lib/libawt_lwawt.dylib
0x0000000122317000 	/Library/Java/JavaVirtualMachines/jdk1.8.0_121.jdk/Contents/Home/jre/lib/./libosxapp.dylib
0x0000000057ae7000 	/System/Library/Frameworks/ExceptionHandling.framework/Versions/A/ExceptionHandling
0x0000000057ae7000 	/System/Library/PrivateFrameworks/CoreServicesInternal.framework/Versions/A/CoreServicesInternal
0x0000000057ae7000 	/System/Library/CoreServices/RawCamera.bundle/Contents/MacOS/RawCamera
0x0000000057ae7000 	/System/Library/Frameworks/Accelerate.framework/Versions/A/Frameworks/vImage.framework/Versions/A/Libraries/libCGInterfaces.dylib
0x0000000057ae7000 	/System/Library/Frameworks/ApplicationServices.framework/Versions/A/Frameworks/ATS.framework/Versions/A/Resources/libTrueTypeScaler.dylib
0x0000000057ae7000 	/System/Library/Frameworks/OpenGL.framework/Versions/A/Resources/GLEngine.bundle/GLEngine
0x0000000057ae7000 	/System/Library/Frameworks/OpenGL.framework/Versions/A/Libraries/libGLProgrammability.dylib
0x00000001249b8000 	/System/Library/Extensions/AppleIntelHD5000GraphicsGLDriver.bundle/Contents/MacOS/AppleIntelHD5000GraphicsGLDriver
0x0000000057ae7000 	/System/Library/PrivateFrameworks/GPUSupport.framework/Versions/A/Libraries/libGPUSupportMercury.dylib
0x0000000123c2d000 	/System/Library/Extensions/AMDRadeonX4000GLDriver.bundle/Contents/MacOS/AMDRadeonX4000GLDriver
0x0000000125136000 	/System/Library/Extensions/AMDRadeonX4000GLDriver.bundle/Contents/MacOS/ATIRadeonX4000SCLib.dylib
0x0000000057ae7000 	/System/Library/Frameworks/OpenGL.framework/Versions/A/Resources/GLRendererFloat.bundle/GLRendererFloat
0x0000000057ae7000 	/System/Library/Frameworks/OpenCL.framework/Versions/A/Libraries/libcldcpuengine.dylib
0x0000000057ae7000 	/usr/lib/libcrypto.0.9.8.dylib
0x0000000057ae7000 	/System/Library/PrivateFrameworks/TrustEvaluationAgent.framework/Versions/A/TrustEvaluationAgent
0x0000000057ae7000 	/System/Library/Extensions/AMDMTLBronzeDriver.bundle/Contents/MacOS/AMDMTLBronzeDriver
0x0000000057ae7000 	/System/Library/PrivateFrameworks/IOAccelMemoryInfo.framework/Versions/A/IOAccelMemoryInfo
0x0000000125679000 	/System/Library/Extensions/AppleIntelHD5000GraphicsMTLDriver.bundle/Contents/MacOS/AppleIntelHD5000GraphicsMTLDriver
0x0000000057ae7000 	/System/Library/PrivateFrameworks/FamilyControls.framework/Versions/A/FamilyControls
0x0000000057ae7000 	/System/Library/PrivateFrameworks/CommerceKit.framework/Versions/A/Frameworks/CommerceCore.framework/Versions/A/CommerceCore
0x0000000057ae7000 	/System/Library/PrivateFrameworks/SystemAdministration.framework/Versions/A/SystemAdministration
0x0000000057ae7000 	/System/Library/PrivateFrameworks/AppContainer.framework/Versions/A/AppContainer
0x0000000057ae7000 	/System/Library/PrivateFrameworks/SecCodeWrapper.framework/Versions/A/SecCodeWrapper
0x0000000057ae7000 	/System/Library/Frameworks/DirectoryService.framework/Versions/A/DirectoryService
0x0000000057ae7000 	/System/Library/PrivateFrameworks/DiskImages.framework/Versions/A/DiskImages
0x0000000057ae7000 	/System/Library/PrivateFrameworks/LoginUIKit.framework/Versions/A/Frameworks/LoginUICore.framework/Versions/A/LoginUICore
0x0000000057ae7000 	/usr/lib/libCoreStorage.dylib
0x0000000057ae7000 	/usr/lib/libcsfde.dylib
0x0000000057ae7000 	/usr/lib/libodfde.dylib
0x0000000057ae7000 	/System/Library/Frameworks/DiscRecording.framework/Versions/A/DiscRecording
0x0000000057ae7000 	/usr/lib/libcurl.4.dylib
0x0000000057ae7000 	/System/Library/PrivateFrameworks/MediaKit.framework/Versions/A/MediaKit
0x0000000057ae7000 	/System/Library/PrivateFrameworks/ProtectedCloudStorage.framework/Versions/A/ProtectedCloudStorage
0x0000000057ae7000 	/System/Library/PrivateFrameworks/EFILogin.framework/Versions/A/EFILogin
0x0000000057ae7000 	/usr/lib/libutil.dylib
0x0000000057ae7000 	/System/Library/Frameworks/LDAP.framework/Versions/A/LDAP
0x0000000057ae7000 	/usr/lib/libsasl2.2.dylib
0x0000000057ae7000 	/System/Library/PrivateFrameworks/CoreDaemon.framework/Versions/B/CoreDaemon
0x0000000057ae7000 	/System/Library/PrivateFrameworks/AppleSRP.framework/Versions/A/AppleSRP
0x0000000057ae7000 	/System/Library/PrivateFrameworks/APFS.framework/Versions/A/APFS
0x0000000057ae7000 	/System/Library/PrivateFrameworks/ViewBridge.framework/Versions/A/ViewBridge
0x0000000057ae7000 	/System/Library/PrivateFrameworks/XPCService.framework/Versions/A/XPCService
0x0000000057ae7000 	/System/Library/PrivateFrameworks/AppSandbox.framework/Versions/A/AppSandbox
0x0000000057ae7000 	/usr/lib/libsandbox.1.dylib
0x0000000057ae7000 	/usr/lib/libMatch.1.dylib
0x0000000126b09000 	/Library/Java/JavaVirtualMachines/jdk1.8.0_121.jdk/Contents/Home/jre/lib/libfontmanager.dylib
0x0000000126b70000 	/Library/Java/JavaVirtualMachines/jdk1.8.0_121.jdk/Contents/Home/jre/lib/libosxui.dylib
0x0000000127619000 	/Library/Java/JavaVirtualMachines/jdk1.8.0_121.jdk/Contents/Home/jre/lib/libnio.dylib
0x00000001279f4000 	/Library/Java/JavaVirtualMachines/jdk1.8.0_121.jdk/Contents/Home/jre/lib/libjpeg.dylib
0x0000000169db3000 	/Library/Java/JavaVirtualMachines/jdk1.8.0_121.jdk/Contents/Home/jre/lib/libjsound.dylib
0x0000000169dc6000 	/System/Library/Frameworks/CoreMIDI.framework/Versions/A/CoreMIDI
0x0000000169e2d000 	/usr/lib/libexpat.1.dylib
0x0000000169e50000 	/System/Library/Extensions/AppleHDA.kext/Contents/PlugIns/AppleHDAHALPlugIn.bundle/Contents/MacOS/AppleHDAHALPlugIn
0x0000000169e5a000 	/System/Library/Components/CoreAudio.component/Contents/MacOS/CoreAudio
0x0000000057ae7000 	/System/Library/PrivateFrameworks/CloudDocs.framework/Versions/A/CloudDocs
0x0000000057ae7000 	/System/Library/Frameworks/CloudKit.framework/Versions/A/CloudKit
0x0000000057ae7000 	/System/Library/PrivateFrameworks/MMCS.framework/Versions/A/MMCS
0x0000000057ae7000 	/System/Library/Frameworks/CoreLocation.framework/Versions/A/CoreLocation
0x0000000057ae7000 	/System/Library/PrivateFrameworks/AssetCacheServices.framework/Versions/A/AssetCacheServices
0x0000000057ae7000 	/System/Library/PrivateFrameworks/GeoServices.framework/Versions/A/GeoServices
0x0000000057ae7000 	/System/Library/PrivateFrameworks/DataDetectors.framework/Versions/A/DataDetectors
0x0000000057ae7000 	/System/Library/Frameworks/AddressBook.framework/Versions/A/AddressBook
0x0000000057ae7000 	/System/Library/Frameworks/Quartz.framework/Versions/A/Quartz
0x0000000057ae7000 	/System/Library/Frameworks/WebKit.framework/Versions/A/WebKit
0x0000000057ae7000 	/System/Library/PrivateFrameworks/ContactsPersistence.framework/Versions/A/ContactsPersistence
0x0000000057ae7000 	/System/Library/PrivateFrameworks/CalendarAgentLink.framework/Versions/A/CalendarAgentLink
0x0000000057ae7000 	/System/Library/PrivateFrameworks/ContactsFoundation.framework/Versions/A/ContactsFoundation
0x0000000057ae7000 	/System/Library/PrivateFrameworks/vCard.framework/Versions/A/vCard
0x0000000057ae7000 	/System/Library/PrivateFrameworks/IntlPreferences.framework/Versions/A/IntlPreferences
0x0000000057ae7000 	/System/Library/PrivateFrameworks/ToneLibrary.framework/Versions/A/ToneLibrary
0x0000000057ae7000 	/System/Library/PrivateFrameworks/ToneKit.framework/Versions/A/ToneKit
0x0000000057ae7000 	/System/Library/PrivateFrameworks/ApplePushService.framework/Versions/A/ApplePushService
0x0000000057ae7000 	/System/Library/Frameworks/SecurityInterface.framework/Versions/A/SecurityInterface
0x0000000057ae7000 	/System/Library/PrivateFrameworks/PhoneNumbers.framework/Versions/A/PhoneNumbers
0x0000000057ae7000 	/System/Library/Frameworks/Accounts.framework/Versions/A/Accounts
0x0000000057ae7000 	/System/Library/PrivateFrameworks/OAuth.framework/Versions/A/OAuth
0x0000000057ae7000 	/System/Library/Frameworks/AVFoundation.framework/Versions/A/AVFoundation
0x0000000057ae7000 	/System/Library/Frameworks/AVFoundation.framework/Versions/A/Frameworks/AVFAudio.framework/Versions/A/AVFAudio
0x0000000057ae7000 	/System/Library/Frameworks/CoreMedia.framework/Versions/A/CoreMedia
0x0000000057ae7000 	/System/Library/Frameworks/MediaToolbox.framework/Versions/A/MediaToolbox
0x0000000057ae7000 	/System/Library/Frameworks/VideoToolbox.framework/Versions/A/VideoToolbox
0x0000000057ae7000 	/System/Library/Frameworks/CoreMediaIO.framework/Versions/A/CoreMediaIO
0x0000000057ae7000 	/usr/lib/libspindump.dylib
0x0000000057ae7000 	/usr/lib/libdscsym.dylib
0x0000000057ae7000 	/System/Library/PrivateFrameworks/CoreAVCHD.framework/Versions/A/CoreAVCHD
0x0000000057ae7000 	/System/Library/Frameworks/MediaAccessibility.framework/Versions/A/MediaAccessibility
0x0000000057ae7000 	/System/Library/PrivateFrameworks/Mangrove.framework/Versions/A/Mangrove
0x0000000057ae7000 	/System/Library/PrivateFrameworks/CoreAUC.framework/Versions/A/CoreAUC
0x0000000057ae7000 	/System/Library/PrivateFrameworks/AppleVA.framework/Versions/A/AppleVA
0x0000000057ae7000 	/System/Library/Frameworks/Quartz.framework/Versions/A/Frameworks/QuartzComposer.framework/Versions/A/QuartzComposer
0x0000000057ae7000 	/System/Library/Frameworks/Quartz.framework/Versions/A/Frameworks/PDFKit.framework/Versions/A/PDFKit
0x0000000057ae7000 	/System/Library/Frameworks/Quartz.framework/Versions/A/Frameworks/QuartzFilters.framework/Versions/A/QuartzFilters
0x0000000057ae7000 	/System/Library/Frameworks/Quartz.framework/Versions/A/Frameworks/ImageKit.framework/Versions/A/ImageKit
0x0000000057ae7000 	/System/Library/Frameworks/Quartz.framework/Versions/A/Frameworks/QuickLookUI.framework/Versions/A/QuickLookUI
0x0000000057ae7000 	/System/Library/Frameworks/JavaScriptCore.framework/Versions/A/JavaScriptCore
0x0000000057ae7000 	/System/Library/Frameworks/QTKit.framework/Versions/A/QTKit
0x0000000057ae7000 	/System/Library/PrivateFrameworks/AppleSystemInfo.framework/Versions/A/AppleSystemInfo
0x0000000057ae7000 	/System/Library/PrivateFrameworks/CoreMediaAuthoring.framework/Versions/A/CoreMediaAuthoring
0x0000000057ae7000 	/System/Library/PrivateFrameworks/CorePDF.framework/Versions/A/CorePDF
0x0000000057ae7000 	/System/Library/Frameworks/QuickLook.framework/Versions/A/QuickLook
0x0000000057ae7000 	/System/Library/PrivateFrameworks/DisplayServices.framework/Versions/A/DisplayServices
0x0000000057ae7000 	/System/Library/Frameworks/ImageCaptureCore.framework/Versions/A/ImageCaptureCore
0x0000000057ae7000 	/System/Library/PrivateFrameworks/QuickLookThumbnailing.framework/Versions/A/QuickLookThumbnailing
0x0000000057ae7000 	/System/Library/Frameworks/SafariServices.framework/Versions/A/SafariServices
0x0000000057ae7000 	/System/Library/PrivateFrameworks/MobileKeyBag.framework/Versions/A/MobileKeyBag
0x0000000057ae7000 	/System/Library/Frameworks/WebKit.framework/Versions/A/Frameworks/WebKitLegacy.framework/Versions/A/WebKitLegacy
0x0000000057ae7000 	/System/Library/Frameworks/WebKit.framework/Versions/A/Frameworks/WebCore.framework/Versions/A/WebCore
0x00000001245ea000 	/System/Library/PrivateFrameworks/CoreNLP.framework/Versions/A/CoreNLP
0x0000000122a73000 	/usr/lib/libgermantok.dylib

VM Arguments:
jvm_args: -javaagent:/Applications/IntelliJ IDEA.app/Contents/lib/idea_rt.jar=51789:/Applications/IntelliJ IDEA.app/Contents/bin -Dfile.encoding=UTF-8 
java_command: KillEveryone
java_class_path (initial): /Library/Java/JavaVirtualMachines/jdk1.8.0_121.jdk/Contents/Home/jre/lib/charsets.jar:/Library/Java/JavaVirtualMachines/jdk1.8.0_121.jdk/Contents/Home/jre/lib/deploy.jar:/Library/Java/JavaVirtualMachines/jdk1.8.0_121.jdk/Contents/Home/jre/lib/ext/cldrdata.jar:/Library/Java/JavaVirtualMachines/jdk1.8.0_121.jdk/Contents/Home/jre/lib/ext/dnsns.jar:/Library/Java/JavaVirtualMachines/jdk1.8.0_121.jdk/Contents/Home/jre/lib/ext/jaccess.jar:/Library/Java/JavaVirtualMachines/jdk1.8.0_121.jdk/Contents/Home/jre/lib/ext/jfxrt.jar:/Library/Java/JavaVirtualMachines/jdk1.8.0_121.jdk/Contents/Home/jre/lib/ext/localedata.jar:/Library/Java/JavaVirtualMachines/jdk1.8.0_121.jdk/Contents/Home/jre/lib/ext/nashorn.jar:/Library/Java/JavaVirtualMachines/jdk1.8.0_121.jdk/Contents/Home/jre/lib/ext/sunec.jar:/Library/Java/JavaVirtualMachines/jdk1.8.0_121.jdk/Contents/Home/jre/lib/ext/sunjce_provider.jar:/Library/Java/JavaVirtualMachines/jdk1.8.0_121.jdk/Contents/Home/jre/lib/ext/sunpkcs11.jar:/Library/Java/JavaVirtualMachines/jdk1.8.0_121.jdk/Contents/Home/jre/lib/ext/zipfs.jar:/Library/Java/JavaVirtualMachines/jdk1.8.0_121.jdk/Contents/Home/jre/lib/javaws.jar:/Library/Java/JavaVirtualMachines/jdk1.8.0_121.jdk/Contents/Home/jre/lib/jce.jar:/Library/Java/JavaVirtualMachines/jdk1.8.0_121.jdk/Contents/Home/jre/lib/jfr.jar:/Library/Java/JavaVirtualMachines/jdk1.8.0_121.jdk/Contents/Home/jre/lib/jfxswt.jar:/Library/Java/JavaVirtualMachines/jdk1.8.0_121.jdk/Contents/Home/jre/lib/jsse.jar:/Library/Java/JavaVirtualMachines/jdk1.8.0_121.jdk/Contents/Home/jre/lib/management-agent.jar:/Library/Java/JavaVirtualMachines/jdk1.8.0_121.jdk/Contents/Home/jre/lib/plugin.jar:/Library/Java/JavaVirtualMachines/jdk1.8.0_121.jdk/Contents/Home/jre/lib/resources.jar:/Library/Java/JavaVirtualMachines/jdk1.8.0_121.jdk/Contents/Home/jre/lib/rt.jar:/Library/Java/JavaVirtualMachines/jdk1.8.0_121.jdk/Contents/Home/lib/ant-javafx.jar:/Library/Java/JavaVirtualMachines/jdk1.8.0_121.jdk/Contents/Home
Launcher Type: SUN_STANDARD

Environment Variables:
PATH=/usr/local/bin:/usr/bin:/bin:/usr/sbin:/sbin:/opt/X11/bin:/opt/ImageMagick/bin
SHELL=/bin/bash
DISPLAY=/private/tmp/com.apple.launchd.iRxSVlfWY1/org.macosforge.xquartz:0

Signal Handlers:
SIGSEGV: [libjvm.dylib+0x5b1141], sa_mask[0]=11111111011111110111111111111111, sa_flags=SA_ONSTACK|SA_RESTART|SA_SIGINFO
SIGBUS: [libjvm.dylib+0x5b1141], sa_mask[0]=11111111011111110111111111111111, sa_flags=SA_RESTART|SA_SIGINFO
SIGFPE: [libjvm.dylib+0x487bc4], sa_mask[0]=11111111011111110111111111111111, sa_flags=SA_RESTART|SA_SIGINFO
SIGPIPE: [libjvm.dylib+0x487bc4], sa_mask[0]=11111111011111110111111111111111, sa_flags=SA_RESTART|SA_SIGINFO
SIGXFSZ: [libjvm.dylib+0x487bc4], sa_mask[0]=11111111011111110111111111111111, sa_flags=SA_RESTART|SA_SIGINFO
SIGILL: [libjvm.dylib+0x487bc4], sa_mask[0]=11111111011111110111111111111111, sa_flags=SA_RESTART|SA_SIGINFO
SIGUSR1: SIG_DFL, sa_mask[0]=00000000000000000000000000000000, sa_flags=none
SIGUSR2: [libjvm.dylib+0x4876e2], sa_mask[0]=00100000000000000000000000000000, sa_flags=SA_RESTART|SA_SIGINFO
SIGHUP: [libjvm.dylib+0x485cb9], sa_mask[0]=11111111011111110111111111111111, sa_flags=SA_RESTART|SA_SIGINFO
SIGINT: [libjvm.dylib+0x485cb9], sa_mask[0]=11111111011111110111111111111111, sa_flags=SA_RESTART|SA_SIGINFO
SIGTERM: [libjvm.dylib+0x485cb9], sa_mask[0]=11111111011111110111111111111111, sa_flags=SA_RESTART|SA_SIGINFO
SIGQUIT: [libjvm.dylib+0x485cb9], sa_mask[0]=11111111011111110111111111111111, sa_flags=SA_RESTART|SA_SIGINFO


---------------  S Y S T E M  ---------------

OS:Bsduname:Darwin 16.0.0 Darwin Kernel Version 16.0.0: Tue Aug 23 17:02:44 PDT 2016; root:xnu-3789.1.31~2/RELEASE_X86_64 x86_64
rlimit: STACK 8192k, CORE 0k, NPROC 709, NOFILE 10240, AS infinity
load average:2.65 2.18 2.29

CPU:total 8 (4 cores per cpu, 2 threads per core) family 6 model 70 stepping 1, cmov, cx8, fxsr, mmx, sse, sse2, sse3, ssse3, sse4.1, sse4.2, popcnt, avx, avx2, aes, clmul, erms, lzcnt, ht, tsc, tscinvbit, bmi1, bmi2

Memory: 4k page, physical 16777216k(1632648k free)

/proc/meminfo:


vm_info: Java HotSpot(TM) 64-Bit Server VM (25.121-b13) for bsd-amd64 JRE (1.8.0_121-b13), built on Dec 12 2016 20:39:32 by "java_re" with gcc 4.2.1 (Based on Apple Inc. build 5658) (LLVM build 2336.11.00)

time: Tue May  2 20:08:00 2017
elapsed time: 21 seconds (0d 0h 0m 21s)

